C51 COMPILER V9.57.0.0   ANTICOLLISION                                                     03/04/2019 16:19:01 PAGE 1   


C51 COMPILER V9.57.0.0, COMPILATION OF MODULE ANTICOLLISION
OBJECT MODULE PLACED IN .\Objects\anticollision.obj
COMPILER INVOKED BY: C:\Keil_v5\C51\BIN\C51.EXE anticollision.c LARGE OPTIMIZE(8,SPEED) BROWSE DEBUG OBJECTEXTEND PRINT(
                    -.\Listings\anticollision.lst) TABS(2) OBJECT(.\Objects\anticollision.obj)

line level    source

   1          /*********************************************************************************************************
             -**************
   2          * æ–‡ ä»¶ åï¼šANTICOLLISION.C
   3          * åŠŸ    èƒ½ï¼šISO15693åè®®å¡ç‰‡æ“ä½œå‡½æ•°ã€‚åŒ…æ‹¬ä»¿å†²æ’å¤„ç†ç­‰ã€‚
   4          *           æœ¬æ–‡ä»¶åŒ…å«äº†ISO15693åè®®çš„æ¼”ç¤ºå‡½æ•°ã€‚
   5          *           æ³¨æ„ï¼šåœ¨ä¼ è¾“å’Œæ¥æ”¶è¿‡ç¨‹ä¸­ï¼Œå‡éœ€è¦é€šè¿‡FIFOæ“ä½œã€‚
   6          * ä½œ    è€…ï¼šEMDOOR
   7          * æ—¥    æœŸï¼š2011-9-29
   8          **********************************************************************************************************
             -***************/
   9          #include <anticollision.h>
  10          
  11          
  12          #define DBG  0
  13          #define LEDOFF    P2 = 0X04
  14          #define LEDON     P2 = 0XFB
  15          unsigned char Found_tag;                            //å®šä¹‰æ˜¯å¦æ£€æµ‹åˆ°å¡ç‰‡å…¨å±€å˜é‡
  16          unsigned char rssival;                              //å®šä¹‰æ£€æµ‹åˆ°çš„å¡ç‰‡æ¥æ”¶ä¿¡å·å¼ºåº¦å€¼
  17          
  18          //C8051Fä¸STM32é—´é€šä¿¡åè®®æ•°æ®ç»“æ„çš„å®šä¹‰
  19          
  20          //----------------------------------------------------------------
  21          //*å‘é€å¸§
  22          //----------------------------------------------------------------
  23          
  24          
  25          //----------------------------------------------------------------
  26          
  27          
  28          /*********************************************************************************************************
             -*********
  29          * å‡½æ•°åç§°ï¼šEnableSlotCounter()
  30          * åŠŸ    èƒ½ï¼šä½¿èƒ½æ§½è®¡æ•°åŠŸèƒ½ã€‚
  31          * å…¥å£å‚æ•°ï¼šæ— 
  32          * å‡ºå£å‚æ•°ï¼šæ—      
  33          * è¯´    æ˜ï¼šè¯¥å‡½æ•°ä½¿èƒ½æ§½è®¡æ•°åŠŸèƒ½ï¼Œç”¨äºå¤šä¸ªæ§½æ—¶ã€‚
  34          **********************************************************************************************************
             -*********/
  35          void EnableSlotCounter(void)
  36          {
  37   1          buf[41] = IRQMask;                              //ä¸‹ä¸ªè®¡æ•°æ§½
  38   1          buf[40] = IRQMask;
  39   1          ReadSingle(&buf[41], 1);                        //è¯»å–ç¼“å†²åŒºæ•°æ®
  40   1          buf[41] |= 0X01;                                //åœ¨ç¼“å†²åŒºå¯„å­˜å™¨0x41ä½ç½®è®¾ç½®BIT0æœ‰æ•ˆ
  41   1          WriteSingle(&buf[40], 2);
  42   1      }
  43          
  44          /*********************************************************************************************************
             -*********
  45          * å‡½æ•°åç§°ï¼šDisableSlotCounter()
  46          * åŠŸ    èƒ½ï¼šç¦æ­¢æ§½è®¡æ•°åŠŸèƒ½ã€‚
  47          * å…¥å£å‚æ•°ï¼šæ— 
  48          * å‡ºå£å‚æ•°ï¼šæ—      
  49          * è¯´    æ˜ï¼šè¯¥å‡½æ•°ä½¿æ§½è®¡æ•°åŠŸèƒ½åœæ­¢ã€‚
C51 COMPILER V9.57.0.0   ANTICOLLISION                                                     03/04/2019 16:19:01 PAGE 2   

  50          **********************************************************************************************************
             -*********/
  51          void DisableSlotCounter(void)
  52          {
  53   1          buf[41] = IRQMask;                              //ä¸‹ä¸ªè®¡æ•°æ§½
  54   1          buf[40] = IRQMask;
  55   1          ReadSingle(&buf[41], 1);                        //è¯»å–ç¼“å†²åŒºæ•°æ®
  56   1          buf[41] &= 0xfe;                                //åœ¨ç¼“å†²åŒºå¯„å­˜å™¨0x41ä½ç½®è®¾ç½®BIT0æ— æ•ˆ
  57   1          WriteSingle(&buf[40], 2);
  58   1      }
  59          
  60          /*********************************************************************************************************
             -*********
  61          * å‡½æ•°åç§°ï¼šInventoryRequest()
  62          * åŠŸ    èƒ½ï¼šISO15693åè®®å¡ç‰‡æ€»é‡è¯·æ±‚å‘½ä»¤ã€‚
  63          * å…¥å£å‚æ•°ï¼š*mask       æ ‡è®°å‘½ä»¤
  64          *           lenght      å‘½ä»¤é•¿åº¦
  65          * å‡ºå£å‚æ•°ï¼šæ—      
  66          * è¯´    æ˜ï¼šæ‰§è¡Œè¯¥å‡½æ•°å¯ä»¥ä½¿ISO15693åè®®æ ‡å‡†æ€»é‡å‘½ä»¤å¾ªç¯16æ—¶é—´æ§½æˆ–è€…1ä¸ªæ—¶é—´æ§
             -½.
  67          *           å…¶ä¸­ï¼š0x14è¡¨ç¤º16æ§½ï¼›0x17è¡¨ç¤º1ä¸ªæ§½ã€‚
  68          *           æ³¨æ„ï¼šåœ¨è„±æœºæ¨¡å¼ä¸‹ï¼Œæ¥æ”¶åˆ°UIDç å°†è¢«æ˜¾ç¤ºåˆ°LCMå›¾å½¢æ˜¾ç¤ºå±ä¸Šã€‚
  69          **********************************************************************************************************
             -*********/
  70          void InventoryRequest(unsigned char *mask, unsigned char lenght)
  71          {
  72   1          unsigned char i = 1, j=3, command[2], NoSlots;
  73   1          unsigned char *PslotNo, slotNo[17];
  74   1          unsigned char NewMask[8], NewLenght, masksize;
  75   1          int size;
  76   1          unsigned int k = 0;
  77   1      
  78   1          buf[0] = ModulatorControl;                      // è°ƒåˆ¶å’Œç³»ç»Ÿæ—¶é’Ÿæ§åˆ¶ï¼š0x21 - 6.78MHz OOK(10
             -0%)
  79   1          buf[1] = 0x21;
  80   1          WriteSingle(buf, 2);
  81   1       
  82   1       /* å¦‚æœä½¿ç”¨SPIä¸²è¡Œæ¨¡å¼çš„ä½æ•°æ®ç‡ï¼Œé‚£ä¹ˆ RXNoResponseWaitTime éœ€è¦è¢«é‡æ–°è®¾ç½® */
  83   1      /*====================================================================================================*/
  84   1        
  85   1              if((flags & 0x02) == 0x00)                  //ä½æ•°æ®æ¯”ç‰¹ç‡
  86   1              {
  87   2                  buf[0] = RXNoResponseWaitTime;
  88   2                  buf[1] = 0x2F;
  89   2                  WriteSingle(buf, 2);
  90   2              }
  91   1              else                                        //é«˜æ•°æ®æ¯”ç‰¹ç‡
  92   1              {
  93   2                  buf[0] = RXNoResponseWaitTime;
  94   2                  buf[1] = 0x13;
  95   2                  WriteSingle(buf, 2);
  96   2              }
  97   1       /*====================================================================================================*/
  98   1          
  99   1          slotNo[0] = 0x00;
 100   1      
 101   1          if((flags & 0x20) == 0x00)                      //ä½5æ ‡å¿—ä½æŒ‡ç¤ºæ§½çš„æ•°é‡
 102   1          {                       
 103   2              NoSlots = 17;                               //ä½5ä¸º0x00ï¼Œè¡¨ç¤ºé€‰æ‹©16æ§½æ¨¡å¼
 104   2              EnableSlotCounter();
 105   2          }
 106   1          else                                            //å¦‚æœä½5ä¸ä¸º0x00ï¼Œè¡¨ç¤ºé€‰æ‹©1ä¸ªæ§½æ¨¡å¼
C51 COMPILER V9.57.0.0   ANTICOLLISION                                                     03/04/2019 16:19:01 PAGE 3   

 107   1              NoSlots = 2;
 108   1      
 109   1          PslotNo = &slotNo[0];                           //æ§½æ•°é‡æŒ‡é’ˆ
 110   1          
 111   1          /* å¦‚æœlenghtæ˜¯4æˆ–è€…8ï¼Œé‚£ä¹ˆmasksize æ ‡è®°å¤§å°å€¼ä¸º 1  */
 112   1          /* å¦‚æœlenghtæ˜¯12æˆ–è€…16ï¼Œé‚£ä¹ˆmasksize æ ‡è®°å¤§å°å€¼ä¸º 2ï¼Œå¹¶ä¾æ¬¡ç±»æ¨ */
 113   1          /*====================================================================================================
             -*/
 114   1          masksize = (((lenght >> 2) + 1) >> 1);      
 115   1          /*====================================================================================================
             -*/
 116   1          
 117   1          size = masksize + 3;                            // mask value + mask lenght + command code + flags
 118   1      
 119   1          buf[0] = 0x8f;
 120   1          buf[1] = 0x91;                                  //å‘é€å¸¦CRCæ ¡éªŒ
 121   1          buf[2] = 0x3d;                                  //è¿ç»­å†™æ¨¡å¼
 122   1          buf[3] = (char) (size >> 8);
 123   1          buf[4] = (char) (size << 4);
 124   1          buf[5] = flags;                                 //ISO15693 åè®®æ ‡å¿—flags
 125   1          buf[6] = 0x01;                                  //ä»¿å†²æ’å‘½ä»¤å€¼
 126   1      
 127   1          /* å¯ä»¥åœ¨æ­¤åŠ å…¥AFIåº”ç”¨æ—æ ‡è¯†ç¬¦ */
 128   1      
 129   1          buf[7] = lenght;                                //æ ‡è®°é•¿åº¦ masklenght
 130   1          if(lenght > 0)
 131   1          {
 132   2              for(i = 0; i < masksize; i++) 
 133   2                  buf[i + 8] = *(mask + i);
 134   2          }                   
 135   1      
 136   1          command[0] = IRQStatus;
 137   1          command[1] = IRQMask;                           //è™šæ‹Ÿè¯»(Dummy read)
 138   1          ReadCont(command, 2);
 139   1      
 140   1          Timer0_Delay(20);                               //è®¡æ—¶æ—¶é—´ä¸º 20ms
 141   1          IRQCLR();                                       //æ¸…ä¸­æ–­æ ‡å¿—ä½
 142   1          IRQON();                                        //ä¸­æ–­å¼€å¯
 143   1      
 144   1          //RAWwrite(&buf[0], masksize + 8);                //å°†æ•°æ®å†™å…¥åˆ°FIFOç¼“å†²åŒºä¸­
 145   1          RAWwrite(buf, masksize + 8);  
 146   1      
 147   1          i_reg = 0x01;                                   //è®¾ç½®ä¸­æ–­æ ‡å¿—å€¼
 148   1          StartCounter();                                   //å¼€å§‹ä»¥é€’å¢æ¨¡å¼è®¡æ—¶
 149   1          PCON |=0X01;                                           //ç­‰å¾…TXå‘é€ç»“æŸ
 150   1      
 151   1          for(i = 1; i < NoSlots; i++)                    //å¯»å¡å¾ªç¯1ä¸ªæ§½æˆ–è€…16ä¸ªæ§½
 152   1          {       
 153   2              /* åˆå§‹åŒ–å…¨å±€è®¡æ•°å™¨ */
 154   2              /*================================================================================================
             -====*/
 155   2              RXTXstate = 1;                              //è®¾ç½®æ ‡å¿—ä½ï¼Œå…¶æ¥æ”¶ä½å­˜å‚¨äºbuf[1]èµ·å§‹ä
             -½ç½®
 156   2              Timer0_Delay(20);                //è®¡æ—¶æ—¶é—´ä¸º 20ms                      
 157   2              StartCounter();                               //å¼€å§‹ä»¥é€’å¢æ¨¡å¼è®¡æ—¶
 158   2              k = 0;
 159   2              PCON |=0X01;
 160   2              /*================================================================================================
             -====*/
 161   2              
 162   2              while(i_reg == 0x01)                        //ç­‰å¾…RXæ¥æ”¶ç»“æŸ
 163   2              {           
C51 COMPILER V9.57.0.0   ANTICOLLISION                                                     03/04/2019 16:19:01 PAGE 4   

 164   3                  k++;
 165   3      
 166   3                  if(k == 0xFFF0)
 167   3                  {
 168   4                     i_reg = 0x00;
 169   4                     RXErrorFlag = 0x00;
 170   4                     break;
 171   4                  }
 172   3              }
 173   2              
 174   2              command[0] = RSSILevels;                    //è¯»å–ä¿¡å·å¼ºåº¦å€¼ RSSI
 175   2              ReadSingle(command, 1);
 176   2      
 177   2              if(i_reg == 0xFF)                           //å¦‚æœå­—èŠ‚å·²ç»æ˜¯æœ€åå­—èŠ‚ï¼Œæ¥æ”¶åˆ°UIDæ•°æ
             -®
 178   2              {         
 179   3                LEDON;               
 180   3      //          for(j = 10; j>=3; j--)
 181   3      //              {
 182   3      //                  send_byte( buf[j] );               //å‘é€ISO15693 UIDç 
 183   3      //              }
 184   3                send_cstring("find it");
 185   3                send_crlf();
 186   3                LEDOFF;
 187   3              }
 188   2              else if(i_reg == 0x00)
 189   2              { 
 190   3      //          send_cstring("hr is cool");
 191   3      //          send_crlf();
 192   3              }
 193   2              else;
 194   2      
 195   2              command[0] = Reset;                         //åœ¨æ¥æ”¶ä¸‹ä¸€ä¸ªæ§½ä¹‹å‰ï¼Œä½¿ç”¨ç›´æ¥å‘½ä»¤å¤ä
             -½FIFO
 196   2              DirectCommand(command);
 197   2      
 198   2              if((NoSlots == 17) && (i < 16))             //å¦‚æœåœ¨16ä¸ªæ§½æ¨¡å¼ä¸‹ï¼Œæœªå¾ªç¯16ä¸ªæ§½ï¼Œåˆ™
             -éœ€è¦å‘é€EOFå‘½ä»¤(ä¸‹ä¸ªæ§½)
 199   2              {                   
 200   3                  command[0] = StopDecoders;
 201   3                  DirectCommand(command);                 //åœæ­¢è§£ç¢¼
 202   3                  command[0] = RunDecoders;               
 203   3                  DirectCommand(command);             
 204   3                  command[0] = TransmitNextSlot;
 205   3                  DirectCommand(command);                 //ä¼ é€ä¸‹ä¸€ä¸ªæ§½
 206   3              }
 207   2              else if((NoSlots == 17) && (i == 16))       //å¦‚æœåœ¨16ä¸ªæ§½æ¨¡å¼ä¸‹ï¼Œå¾ªç¯äº†16ä¸ªæ§½ï¼Œåˆ™
             -éœ€è¦å‘é€åœæ­¢æ§½è®¡æ•°å‘½ä»¤
 208   2              {                   
 209   3                  DisableSlotCounter();                   //åœæ­¢æ§½è®¡æ•°
 210   3              }
 211   2              else if(NoSlots == 2)                       //å¦‚æœæ˜¯å•ä¸ªæ§½æ¨¡å¼ï¼Œåˆ™è·³å‡ºæœ¬ for å¾ªç¯
 212   2                  break;
 213   2          }   /* for */
 214   1      
 215   1          
 216   1          NewLenght = lenght + 4;                         //æ ‡è®°é•¿åº¦ä¸º4æ¯”ç‰¹ä½å€æ•°
 217   1          masksize = (((NewLenght >> 2) + 1) >> 1) - 1;
 218   1      
 219   1          /* å¦‚æœæ˜¯16ä¸ªæ§½æ¨¡å¼ï¼ŒåŠæ§½æŒ‡é’ˆä¸ä¸º0x00, åˆ™é€’å½’è°ƒç”¨æœ¬å‡½æ•°ï¼Œå†æ¬¡å¯»æ‰¾å¡ç‰‡ */
 220   1          /*====================================================================================================
             -*/
C51 COMPILER V9.57.0.0   ANTICOLLISION                                                     03/04/2019 16:19:01 PAGE 5   

 221   1          while((*PslotNo != 0x00) && (NoSlots == 17)) 
 222   1          {   
 223   2              *PslotNo = *PslotNo - 1;
 224   2              for(i = 0; i < 8; i++) NewMask[i] = *(mask + i);            //é¦–å…ˆå°†æ ‡è®°å€¼æ‹·è´åˆ°æ–°æ ‡è®°
             -æ•°ç»„ä¸­
 225   2      
 226   2              if((NewLenght & 0x04) == 0x00) *PslotNo = *PslotNo << 4;
 227   2      
 228   2              NewMask[masksize] |= *PslotNo;                              //æ ‡è®°å€¼è¢«æ”¹å˜
 229   2              InventoryRequest(&NewMask[0], NewLenght);                   //é€’å½’è°ƒç”¨ InventoryRequest å‡½æ•°
 230   2              PslotNo--;     
 231   2                                                    //æ§½é€’å‡
 232   2          }   /* while */
 233   1          /*====================================================================================================
             -*/
 234   1          
 235   1          IRQOFF();    
 236   1                                                       //ä»¿å†²æ’è¿‡ç¨‹ç»“æŸï¼Œå…³é—­ä¸­æ–­
 237   1      }   /* InventoryRequest */
 238          /*********************************************************************************************************
             -*********
 239          * ????:RequestCommand()
 240          * ?    ?:????????????????????????
 241          * ????:*pbuf           ???
 242          *           lenght          ????
 243          *           brokenBits      ?????????
 244          *           noCRC           ???CRC??
 245          * ????:1     
 246          * ?    ?:??????????,???1,??????????,???0?????,????
 247          **********************************************************************************************************
             -*********/
 248          unsigned char RequestCommand(unsigned char *pbuf, unsigned char lenght, unsigned char brokenBits, char noC
             -RC)
 249          {
 250   1          unsigned char index, command;                //????
 251   1          
 252   1          RXTXstate = lenght;                             
 253   1            
 254   1          *pbuf = 0x8f;
 255   1          if(noCRC) 
 256   1              *(pbuf + 1) = 0x90;                         //????CRC??
 257   1          else
 258   1              *(pbuf + 1) = 0x91;                         //???CRC??
 259   1          
 260   1          *(pbuf + 2) = 0x3d;
 261   1          *(pbuf + 3) = RXTXstate >> 4;
 262   1          *(pbuf + 4) = (RXTXstate << 4) | brokenBits;
 263   1      
 264   1          if(lenght > 12)
 265   1              lenght = 12;
 266   1      
 267   1          if(lenght == 0x00 && brokenBits != 0x00)
 268   1          {
 269   2              lenght = 1;
 270   2              RXTXstate = 1;
 271   2          }
 272   1      
 273   1          RAWwrite(pbuf, lenght + 5);                     //????FIFO??????
 274   1          
 275   1          //sendchar('z');
 276   1          IRQCLR();                                       //??????
 277   1          IRQON();
C51 COMPILER V9.57.0.0   ANTICOLLISION                                                     03/04/2019 16:19:01 PAGE 6   

 278   1      
 279   1          RXTXstate = RXTXstate - 12;
 280   1          index = 17;
 281   1          
 282   1          
 283   1          i_reg = 0x01;
 284   1           
 285   1          
 286   1          while(RXTXstate > 0)
 287   1          {
 288   2            
 289   2              //LPM0;                                       //???????,?????
 290   2              PCON |=0X01;
 291   2              if(RXTXstate > 9)                           //?RXTXstate?????????????????9
 292   2              {                       
 293   3                  lenght = 10;                            //???10,????FIFO??9????1???????
 294   3              }
 295   2              else if(RXTXstate < 1)                      //??????1,?????????????FIFO?,??????
 296   2              {
 297   3                  break;
 298   3              }
 299   2              else                                        //???????????
 300   2              {
 301   3                  lenght = RXTXstate + 1;         
 302   3              }   /* if */
 303   2      
 304   2              buf[index - 1] = FIFO;                      //?FIFO??????9??????????,?????
 305   2              WriteCont(&buf[index - 1], lenght);
 306   2              RXTXstate = RXTXstate - 9;                  //?9????FIFO?
 307   2              index = index + 9;
 308   2          }   /* while */
 309   1          
 310   1          
 311   1          
 312   1          RXTXstate = 1;                                  //?????,???????buf[1]????
 313   1          
 314   1          while(i_reg == 0x01)                            //??????
 315   1          {       
 316   2            
 317   2              Timer0_Delay(60);                             //???? 60ms
 318   2              StartCounter();                               //?????????
 319   2              PCON |= 0x01;
 320   2          }
 321   1          
 322   1          i_reg = 0x01;
 323   1          Timer0_Delay(60);                             
 324   1          StartCounter();                                 
 325   1      //    send_byte(buf[5]);
 326   1      //    send_byte(buf[6]);
 327   1          
 328   1          /* ?????????,???????????? */
 329   1          /*====================================================================================================
             -*/
 330   1          if(((buf[5] & 0x40) == 0x40) && ((buf[6] == 0x21) || (buf[6] == 0x24) || (buf[6] == 0x27) || (buf[6] == 
             -0x29))||(buf[5] == 0x00 && ((buf[6] & 0xF0) == 0x20 || (buf[6] & 0xF0) == 0x30 || (buf[6] & 0xF0) == 0x40)))
 331   1          {
 332   2              
 333   2              delay_ms(20);        
 334   2              command = Reset;
 335   2              DirectCommand(&command);
 336   2            
 337   2              command = TransmitNextSlot;
C51 COMPILER V9.57.0.0   ANTICOLLISION                                                     03/04/2019 16:19:01 PAGE 7   

 338   2              DirectCommand(&command);
 339   2          }
 340   1      
 341   1          
 342   1              while(i_reg == 0x01)                        //ç­‰å¾…RXæ¥æ”¶ç»“æŸ
 343   1              {           
 344   2                  
 345   2             }
 346   1              //send_byte(i_reg);
 347   1              
 348   1          
 349   1         if(i_reg == 0xFF)                       //?????
 350   1              {
 351   2                  if((buf[1]) == 0x00)                //???? 
 352   2                  {
 353   3                      send_cstring("ojbk");
 354   3                      send_crlf();
 355   3                  }
 356   2                  else                                //????
 357   2                  {
 358   3                      send_cstring("shibai");
 359   3                      send_crlf();
 360   3                  }
 361   2              }
 362   1            else if(i_reg == 0x02)
 363   1          {   /* collision occured */
 364   2            sendchar('[');
 365   2            sendchar('z');
 366   2            sendchar(']');
 367   2            return(0);
 368   2          }
 369   1          else if(i_reg == 0x00)
 370   1          {   /* timer interrupt */
 371   2            sendchar('[');
 372   2            sendchar('i');
 373   2            sendchar(']');
 374   2            return(1);
 375   2          }
 376   1          else
 377   1            ;
 378   1          
 379   1      //    for(j = 1; j < RXTXstate; j++)
 380   1      //    {   
 381   1      //        send_byte(buf[j]);
 382   1      //    }
 383   1      //    send_crlf();
 384   1          
 385   1      //     for(j = 11; j < RXTXstate - 1; j++)
 386   1      //      {   //????????????
 387   1      //        send_byte(buf[j]);
 388   1      //      }                                 
 389   1      
 390   1        
 391   1          IRQOFF();                                       //????
 392   1          return(1);                                      //????????,?? 1
 393   1      }   /* RequestCommand */
 394          


MODULE INFORMATION:   STATIC OVERLAYABLE
   CODE SIZE        =   1331    ----
   CONSTANT SIZE    =     20    ----
C51 COMPILER V9.57.0.0   ANTICOLLISION                                                     03/04/2019 16:19:01 PAGE 8   

   XDATA SIZE       =      2      49
   PDATA SIZE       =   ----    ----
   DATA SIZE        =   ----    ----
   IDATA SIZE       =   ----    ----
   BIT SIZE         =   ----    ----
END OF MODULE INFORMATION.


C51 COMPILATION COMPLETE.  0 WARNING(S),  0 ERROR(S)
