C51 COMPILER V9.57.0.0   ANTICOLLISION                                                     03/16/2019 23:30:13 PAGE 1   


C51 COMPILER V9.57.0.0, COMPILATION OF MODULE ANTICOLLISION
OBJECT MODULE PLACED IN .\Objects\anticollision.obj
COMPILER INVOKED BY: C:\Keil_v5\C51\BIN\C51.EXE anticollision.c LARGE OPTIMIZE(8,SPEED) BROWSE DEBUG OBJECTEXTEND PRINT(
                    -.\Listings\anticollision.lst) TABS(2) OBJECT(.\Objects\anticollision.obj)

line level    source

   1          /*********************************************************************************************************
             -**************
   2          * 文 件 名：ANTICOLLISION.C
   3          * 功    能：ISO15693协议卡片操作函数。包括仿冲撞处理等。
   4          *           本文件包含了ISO15693协议的演示函数。
   5          *           注意：在传输和接收过程中，均需要通过FIFO操作。
   6          * 作    者：EMDOOR
   7          * 日    期：2011-9-29
   8          **********************************************************************************************************
             -***************/
   9          #include <anticollision.h>
  10          
  11          
  12          #define DBG  0
  13          #define LEDOFF    P2 = 0X04
  14          #define LEDON     P2 = 0XFB
  15          unsigned char Found_tag;                            //定义是否检测到卡片全局变量
  16          unsigned char rssival;                              //定义检测到的卡片接收信号强度值
  17          
  18          //C8051F与STM32间通信协议数据结构的定义
  19          
  20          //----------------------------------------------------------------
  21          //*发送帧
  22          //----------------------------------------------------------------
  23          
  24          
  25          //----------------------------------------------------------------
  26          
  27          
  28          /*********************************************************************************************************
             -*********
  29          * 函数名称：EnableSlotCounter()
  30          * 功    能：使能槽计数功能。
  31          * 入口参数：无
  32          * 出口参数：无     
  33          * 说    明：该函数使能槽计数功能，用于多个槽时。
  34          **********************************************************************************************************
             -*********/
  35          void EnableSlotCounter(void)
  36          {
  37   1          buf[41] = IRQMask;                              //下个计数槽
  38   1          buf[40] = IRQMask;
  39   1          ReadSingle(&buf[41], 1);                        //读取缓冲区数据
  40   1          buf[41] |= 0X01;                                //在缓冲区寄存器0x41位置设置BIT0有效
  41   1          WriteSingle(&buf[40], 2);
  42   1      }
  43          
  44          /*********************************************************************************************************
             -*********
  45          * 函数名称：DisableSlotCounter()
  46          * 功    能：禁止槽计数功能。
  47          * 入口参数：无
  48          * 出口参数：无     
  49          * 说    明：该函数使槽计数功能停止。
C51 COMPILER V9.57.0.0   ANTICOLLISION                                                     03/16/2019 23:30:13 PAGE 2   

  50          **********************************************************************************************************
             -*********/
  51          void DisableSlotCounter(void)
  52          {
  53   1          buf[41] = IRQMask;                              //下个计数槽
  54   1          buf[40] = IRQMask;
  55   1          ReadSingle(&buf[41], 1);                        //读取缓冲区数据
  56   1          buf[41] &= 0xfe;                                //在缓冲区寄存器0x41位置设置BIT0无效
  57   1          WriteSingle(&buf[40], 2);
  58   1      }
  59          
  60          /*********************************************************************************************************
             -*********
  61          * 函数名称：InventoryRequest()
  62          * 功    能：ISO15693协议卡片总量请求命令。
  63          * 入口参数：*mask       标记命令
  64          *           lenght      命令长度
  65          * 出口参数：无     
  66          * 说    明：执行该函数可以使ISO15693协议标准总量命令循环16时间槽或者1个时间
             -.
  67          *           其中：0x14表示16槽；0x17表示1个槽。
  68          *           注意：在脱机模式下，接收到UID码将被显示到LCM图形显示屏上。
  69          **********************************************************************************************************
             -*********/
  70          void InventoryRequest(unsigned char *mask, unsigned char lenght)
  71          {
  72   1          unsigned char i = 1, j=3, command[2], NoSlots;
  73   1          unsigned char *PslotNo, slotNo[17];
  74   1          unsigned char NewMask[8], NewLenght, masksize;
  75   1          int size;
  76   1          unsigned int k = 0;
  77   1      
  78   1          buf[0] = ModulatorControl;                      // 调制和系统时钟控制：0x21 - 6.78MHz OOK(10
             -0%)
  79   1          buf[1] = 0x21;
  80   1          WriteSingle(buf, 2);
  81   1       
  82   1       /* 如果使用SPI串行模式的低数据率，那么 RXNoResponseWaitTime 需要被重新设置 */
  83   1      /*====================================================================================================*/
  84   1        
  85   1              if((flags & 0x02) == 0x00)                  //低数据比特率
  86   1              {
  87   2                  buf[0] = RXNoResponseWaitTime;
  88   2                  buf[1] = 0x2F;
  89   2                  WriteSingle(buf, 2);
  90   2              }
  91   1              else                                        //高数据比特率
  92   1              {
  93   2                  buf[0] = RXNoResponseWaitTime;
  94   2                  buf[1] = 0x13;
  95   2                  WriteSingle(buf, 2);
  96   2              }
  97   1       /*====================================================================================================*/
  98   1          
  99   1          slotNo[0] = 0x00;
 100   1      
 101   1          if((flags & 0x20) == 0x00)                      //位5标志位指示槽的数量
 102   1          {                       
 103   2              NoSlots = 17;                               //位5为0x00，表示选择16槽模式
 104   2              EnableSlotCounter();
 105   2          }
 106   1          else                                            //如果位5不为0x00，表示选择1个槽模式
C51 COMPILER V9.57.0.0   ANTICOLLISION                                                     03/16/2019 23:30:13 PAGE 3   

 107   1              NoSlots = 2;
 108   1      
 109   1          PslotNo = &slotNo[0];                           //槽数量指针
 110   1          
 111   1          /* 如果lenght是4或者8，那么masksize 标记大小值为 1  */
 112   1          /* 如果lenght是12或者16，那么masksize 标记大小值为 2，并依次类推 */
 113   1          /*====================================================================================================
             -*/
 114   1          masksize = (((lenght >> 2) + 1) >> 1);      
 115   1          /*====================================================================================================
             -*/
 116   1          
 117   1          size = masksize + 3;                            // mask value + mask lenght + command code + flags
 118   1      
 119   1          buf[0] = 0x8f;
 120   1          buf[1] = 0x91;                                  //发送带CRC校验
 121   1          buf[2] = 0x3d;                                  //连续写模式
 122   1          buf[3] = (char) (size >> 8);
 123   1          buf[4] = (char) (size << 4);
 124   1          buf[5] = flags;                                 //ISO15693 协议标志flags
 125   1          buf[6] = 0x01;                                  //仿冲撞命令值
 126   1      
 127   1          /* 可以在此加入AFI应用族标识符 */
 128   1      
 129   1          buf[7] = lenght;                                //标记长度 masklenght
 130   1          if(lenght > 0)
 131   1          {
 132   2              for(i = 0; i < masksize; i++) 
 133   2                  buf[i + 8] = *(mask + i);
 134   2          }                   
 135   1      
 136   1          command[0] = IRQStatus;
 137   1          command[1] = IRQMask;                           //虚拟读(Dummy read)
 138   1          ReadCont(command, 2);
 139   1      
 140   1          Timer0_Delay(20);                         //计时时间为 20ms
 141   1                                                          //此处没有加StartCounter();
 142   1          IRQCLR();                                       //清中断标志位
 143   1          IRQON();                                        //中断开启
 144   1      
 145   1          //RAWwrite(&buf[0], masksize + 8);                //将数据写入到FIFO缓冲区中
 146   1          RAWwrite(buf, masksize + 8);  
 147   1      
 148   1          i_reg = 0x01;                                   //设置中断标志值
 149   1          StartCounter();                                   //开始以递增模式计时
 150   1          PCON |=0X01;                                           //等待TX发送结束
 151   1      
 152   1          for(i = 1; i < NoSlots; i++)                    //寻卡循环1个槽或者16个槽
 153   1          {       
 154   2              /* 初始化全局计数器 */
 155   2              /*================================================================================================
             -====*/
 156   2              RXTXstate = 1;                              //设置标志位，其接收位存储于buf[1]起始
             -置
 157   2              Timer0_Delay(20);                //计时时间为 20ms                      
 158   2              StartCounter();                               //开始以递增模式计时
 159   2              k = 0;
 160   2              PCON |=0X01;
 161   2              /*================================================================================================
             -====*/
 162   2              
 163   2              while(i_reg == 0x01)                        //等待RX接收结束
C51 COMPILER V9.57.0.0   ANTICOLLISION                                                     03/16/2019 23:30:13 PAGE 4   

 164   2              {           
 165   3                  k++;
 166   3      
 167   3                  if(k == 0xFFF0)
 168   3                  {
 169   4                     i_reg = 0x00;
 170   4                     RXErrorFlag = 0x00;
 171   4                     break;
 172   4                  }
 173   3              }
 174   2              
 175   2              command[0] = RSSILevels;                    //读取信号强度值 RSSI
 176   2              ReadSingle(command, 1);
 177   2      
 178   2              if(i_reg == 0xFF)                           //如果字节已经是最后字节，接收到UID数
             -
 179   2              {         
 180   3                  LEDON;               
 181   3                  for(j = 10; j>=3; j--)
 182   3                  {
 183   4                      send_byte( buf[j] );               //发送ISO15693 UID码
 184   4                  }
 185   3                  LEDOFF;
 186   3              }
 187   2              else if(i_reg == 0x00)
 188   2              { 
 189   3      
 190   3              }
 191   2              else;
 192   2      
 193   2              command[0] = Reset;                         //在接收下一个槽之前，使用直接命令复
             -FIFO
 194   2              DirectCommand(command);
 195   2      
 196   2              if((NoSlots == 17) && (i < 16))             //如果在16个槽模式下，未循环16个槽，则
             -需要发送EOF命令(下个槽)
 197   2              {                   
 198   3                  command[0] = StopDecoders;
 199   3                  DirectCommand(command);                 //停止解碼
 200   3                  command[0] = RunDecoders;               
 201   3                  DirectCommand(command);             
 202   3                  command[0] = TransmitNextSlot;
 203   3                  DirectCommand(command);                 //传送下一个槽
 204   3              }
 205   2              else if((NoSlots == 17) && (i == 16))       //如果在16个槽模式下，循环了16个槽，则
             -需要发送停止槽计数命令
 206   2              {                   
 207   3                  DisableSlotCounter();                   //停止槽计数
 208   3              }
 209   2              else if(NoSlots == 2)                       //如果是单个槽模式，则跳出本 for 循环
 210   2                  break;
 211   2          }   /* for */
 212   1      
 213   1          
 214   1          NewLenght = lenght + 4;                         //标记长度为4比特位倍数
 215   1          masksize = (((NewLenght >> 2) + 1) >> 1) - 1;
 216   1      
 217   1          /* 如果是16个槽模式，及槽指针不为0x00, 则递归调用本函数，再次寻找卡片 */
 218   1          /*====================================================================================================
             -*/
 219   1          while((*PslotNo != 0x00) && (NoSlots == 17)) 
 220   1          {   
C51 COMPILER V9.57.0.0   ANTICOLLISION                                                     03/16/2019 23:30:13 PAGE 5   

 221   2              *PslotNo = *PslotNo - 1;
 222   2              for(i = 0; i < 8; i++) NewMask[i] = *(mask + i);            //首先将标记值拷贝到新标记
             -数组中
 223   2      
 224   2              if((NewLenght & 0x04) == 0x00) *PslotNo = *PslotNo << 4;
 225   2      
 226   2              NewMask[masksize] |= *PslotNo;                              //标记值被改变
 227   2              InventoryRequest(&NewMask[0], NewLenght);                   //递归调用 InventoryRequest 函数
 228   2              PslotNo--;     
 229   2                                                    //槽递减
 230   2          }   /* while */
 231   1          /*====================================================================================================
             -*/
 232   1          
 233   1          IRQOFF();    
 234   1                                                       //仿冲撞过程结束，关闭中断
 235   1      }   /* InventoryRequest */
 236          /*********************************************************************************************************
             -*********
 237          * 函数名称：RequestCommand()
 238          * 功    能：卡片协议请求命令及处理和计时阅读器到卡片的应答。
 239          * 入口参数：*pbuf           命令值
 240          *           lenght          命令长度
 241          *           brokenBits      不完整字节的位数量
 242          *           noCRC           是否有CRC校验
 243          * 出口参数：1     
 244          * 说    明：该函数为协议请求命令，若返回1，则说明该函数成功执行，若返回0
             -者不返回，则异常。
 245          **********************************************************************************************************
             -*********/
 246          unsigned char RequestCommand(unsigned char *pbuf, unsigned char lenght, unsigned char brokenBits, char noC
             -RC)
 247          {
 248   1          unsigned char index, command;                 //定义变量
 249   1          unsigned char j;
 250   1        
 251   1          RXTXstate = lenght;                             
 252   1            
 253   1          *pbuf = 0x8f;
 254   1          if(noCRC) 
 255   1              *(pbuf + 1) = 0x90;                         //传输不带CRC校验
 256   1          else
 257   1              *(pbuf + 1) = 0x91;                          //传输带CRC校验
 258   1          
 259   1          *(pbuf + 2) = 0x3d;
 260   1          *(pbuf + 3) = RXTXstate >> 4;
 261   1          *(pbuf + 4) = (RXTXstate << 4) | brokenBits;
 262   1      
 263   1          if(lenght > 12)
 264   1              lenght = 12;
 265   1      
 266   1          if(lenght == 0x00 && brokenBits != 0x00)
 267   1          {
 268   2              lenght = 1;
 269   2              RXTXstate = 1;
 270   2          }
 271   1      
 272   1          RAWwrite(pbuf, lenght + 5);                    //以直接写FIFO模式发送命令
 273   1          
 274   1          IRQCLR();                                    //清中断标志位
 275   1          IRQON();
 276   1      
C51 COMPILER V9.57.0.0   ANTICOLLISION                                                     03/16/2019 23:30:13 PAGE 6   

 277   1          RXTXstate = RXTXstate - 12;
 278   1          index = 17;
 279   1          
 280   1          i_reg = 0x01;
 281   1          while(RXTXstate > 0)
 282   1          {
 283   2            
 284   2              //LPM0;                                       //进入低功耗模式，并退出中断
 285   2          PCON |=0X01;
 286   2              if(RXTXstate > 9)                            //在RXTXstate全局变量中未发送的字节数量
             -如果大于9
 287   2              {                       
 288   3                  lenght = 10;                            //长度为10，其中包括FIFO中的9个字节及1
             -字节的地址值
 289   3              }
 290   2              else if(RXTXstate < 1)                     //如果该值小于1，则说明所有的字节已经
             -送到FIFO中，并从中断返回
 291   2              {
 292   3                  break;
 293   3              }
 294   2              else                                        //所有的值已经全部被发送
 295   2              {
 296   3                  lenght = RXTXstate + 1;         
 297   3              }   /* if */
 298   2      
 299   2              buf[index - 1] = FIFO;                      //向FIFO缓冲器中写入9个或者更少字节的
             -据，将用于发送
 300   2              WriteCont(&buf[index - 1], lenght);
 301   2              RXTXstate = RXTXstate - 9;                  //写9个字节到FIFO中
 302   2              index = index + 9;
 303   2          }   /* while */
 304   1          
 305   1          
 306   1          
 307   1          RXTXstate = 1;                                 //设置标志位，其接收位存储于buf[1]起始
             -置
 308   1          
 309   1          while(i_reg == 0x01)                            //等待传送结束
 310   1          {       
 311   2                                                          //定时器设置
 312   2              Timer0_Delay(60);                            //计时时间 60ms
 313   2              StartCounter();                              //开始以递增模式计时
 314   2              PCON |= 0x01;
 315   2          }
 316   1          
 317   1          i_reg = 0x01;
 318   1          Timer0_Delay(60);                             
 319   1          StartCounter();                                 
 320   1      
 321   1          
 322   1           /* 如果中断标志位错误，则先复位后发送下个槽命令 */
 323   1          /*====================================================================================================
             -*/
 324   1          if(((buf[5] & 0x40) == 0x40) && ((buf[6] == 0x21) || (buf[6] == 0x24) || (buf[6] == 0x27) || (buf[6] =
             -= 0x29))||(buf[5] == 0x00 && ((buf[6] & 0xF0) == 0x20 || (buf[6] & 0xF0) == 0x30 || (buf[6] & 0xF0) == 0x40)))
 325   1          {
 326   2                  
 327   2          delay_ms(20);        
 328   2          command = Reset;
 329   2          DirectCommand(&command);
 330   2              
 331   2          command = TransmitNextSlot;
C51 COMPILER V9.57.0.0   ANTICOLLISION                                                     03/16/2019 23:30:13 PAGE 7   

 332   2          DirectCommand(&command);
 333   2          }
 334   1      
 335   1          
 336   1          while(i_reg == 0x01)                        //等待RX接收结束
 337   1          {           
 338   2              
 339   2          }
 340   1              
 341   1          
 342   1         if(i_reg == 0xFF)                      //接收到应答
 343   1              {
 344   2                  if((buf[1]) == 0x00)                //操作成功 
 345   2                  {
 346   3                      send_cstring("ojbk");
 347   3                      send_crlf();
 348   3                  }
 349   2                  else                              //操作失败
 350   2                  {
 351   3                      send_cstring("shibai");
 352   3                      send_crlf();
 353   3              }
 354   2              }
 355   1            else if(i_reg == 0x02)
 356   1          {    //冲撞发生
 357   2            sendchar('[');
 358   2            sendchar('z');
 359   2            sendchar(']');
 360   2            return(0);
 361   2          }
 362   1          else if(i_reg == 0x00)
 363   1          {    //定时时间到
 364   2      //      sendchar('[');
 365   2      //      sendchar('i');
 366   2      //      sendchar(']');
 367   2            return(1);
 368   2          }
 369   1          else
 370   1            ;
 371   1          
 372   1          for(j = 1; j < RXTXstate; j++)
 373   1          {   
 374   2              send_byte(buf[j]);
 375   2          }
 376   1          send_crlf();                            
 377   1      
 378   1        
 379   1          IRQOFF();                                       //关闭中断
 380   1          return(1);                                      //函数全部执行完毕，返回 1
 381   1      }   /* RequestCommand */
 382          


MODULE INFORMATION:   STATIC OVERLAYABLE
   CODE SIZE        =   1400    ----
   CONSTANT SIZE    =     12    ----
   XDATA SIZE       =      2      50
   PDATA SIZE       =   ----    ----
   DATA SIZE        =   ----    ----
   IDATA SIZE       =   ----    ----
   BIT SIZE         =   ----    ----
END OF MODULE INFORMATION.

C51 COMPILER V9.57.0.0   ANTICOLLISION                                                     03/16/2019 23:30:13 PAGE 8   


C51 COMPILATION COMPLETE.  0 WARNING(S),  0 ERROR(S)
